<?xml version="1.0" encoding="UTF-8"?>
<testsuite xmlns:xsi="http://www.w3.org/2001/XMLSchema-instance" xsi:noNamespaceSchemaLocation="https://maven.apache.org/surefire/maven-surefire-plugin/xsd/surefire-test-report-3.0.xsd" version="3.0" name="org.starexec.test.junit.backend.AdaptivePollIntervalTest" time="0.045" tests="29" errors="0" skipped="0" failures="0">
  <properties>
[...]
</properties>
  <testcase name="testRecordWorkFoundUpdatesMetrics" classname="org.starexec.test.junit.backend.AdaptivePollIntervalTest" time="0.002">
    <system-out><![CDATA[21:22:42.447 [main] INFO  o.s.backend.AdaptivePollInterval - [TestMonitor] AdaptivePollInterval initialized: base=100ms, max=1000ms, multiplier=2.00, idleThreshold=2
]]></system-out>
  </testcase>
  <testcase name="testNoFurtherBackoffAtMax" classname="org.starexec.test.junit.backend.AdaptivePollIntervalTest" time="0.001">
    <system-out><![CDATA[21:22:42.448 [main] INFO  o.s.backend.AdaptivePollInterval - [TestMonitor] AdaptivePollInterval initialized: base=100ms, max=1000ms, multiplier=2.00, idleThreshold=2
]]></system-out>
  </testcase>
  <testcase name="testGetStatsFormat" classname="org.starexec.test.junit.backend.AdaptivePollIntervalTest" time="0.0">
    <system-out><![CDATA[21:22:42.450 [main] INFO  o.s.backend.AdaptivePollInterval - [TestMonitor] AdaptivePollInterval initialized: base=100ms, max=1000ms, multiplier=2.00, idleThreshold=2
]]></system-out>
  </testcase>
  <testcase name="testResetToBase" classname="org.starexec.test.junit.backend.AdaptivePollIntervalTest" time="0.001">
    <system-out><![CDATA[21:22:42.451 [main] INFO  o.s.backend.AdaptivePollInterval - [TestMonitor] AdaptivePollInterval initialized: base=100ms, max=1000ms, multiplier=2.00, idleThreshold=2
]]></system-out>
  </testcase>
  <testcase name="testConcurrentResetDuringBackoff" classname="org.starexec.test.junit.backend.AdaptivePollIntervalTest" time="0.006">
    <system-out><![CDATA[21:22:42.452 [main] INFO  o.s.backend.AdaptivePollInterval - [TestMonitor] AdaptivePollInterval initialized: base=100ms, max=1000ms, multiplier=2.00, idleThreshold=2
]]></system-out>
  </testcase>
  <testcase name="testInvalidBaseInterval_Negative" classname="org.starexec.test.junit.backend.AdaptivePollIntervalTest" time="0.002">
    <system-out><![CDATA[21:22:42.458 [main] INFO  o.s.backend.AdaptivePollInterval - [TestMonitor] AdaptivePollInterval initialized: base=100ms, max=1000ms, multiplier=2.00, idleThreshold=2
]]></system-out>
  </testcase>
  <testcase name="testHighBackoffMultiplier" classname="org.starexec.test.junit.backend.AdaptivePollIntervalTest" time="0.0">
    <system-out><![CDATA[21:22:42.461 [main] INFO  o.s.backend.AdaptivePollInterval - [TestMonitor] AdaptivePollInterval initialized: base=100ms, max=1000ms, multiplier=2.00, idleThreshold=2
21:22:42.461 [main] INFO  o.s.backend.AdaptivePollInterval - [TestMonitor] AdaptivePollInterval initialized: base=100ms, max=10000ms, multiplier=10.00, idleThreshold=1
]]></system-out>
  </testcase>
  <testcase name="testInvalidBackoffMultiplier_One" classname="org.starexec.test.junit.backend.AdaptivePollIntervalTest" time="0.001">
    <system-out><![CDATA[21:22:42.462 [main] INFO  o.s.backend.AdaptivePollInterval - [TestMonitor] AdaptivePollInterval initialized: base=100ms, max=1000ms, multiplier=2.00, idleThreshold=2
]]></system-out>
  </testcase>
  <testcase name="testResetToBaseFromBaseIntervalIsNoOp" classname="org.starexec.test.junit.backend.AdaptivePollIntervalTest" time="0.001">
    <system-out><![CDATA[21:22:42.463 [main] INFO  o.s.backend.AdaptivePollInterval - [TestMonitor] AdaptivePollInterval initialized: base=100ms, max=1000ms, multiplier=2.00, idleThreshold=2
]]></system-out>
  </testcase>
  <testcase name="testBackoffCapsAtMaxInterval" classname="org.starexec.test.junit.backend.AdaptivePollIntervalTest" time="0.001">
    <system-out><![CDATA[21:22:42.464 [main] INFO  o.s.backend.AdaptivePollInterval - [TestMonitor] AdaptivePollInterval initialized: base=100ms, max=1000ms, multiplier=2.00, idleThreshold=2
]]></system-out>
  </testcase>
  <testcase name="testMaxIntervalEqualsBaseInterval" classname="org.starexec.test.junit.backend.AdaptivePollIntervalTest" time="0.002">
    <system-out><![CDATA[21:22:42.466 [main] INFO  o.s.backend.AdaptivePollInterval - [TestMonitor] AdaptivePollInterval initialized: base=100ms, max=1000ms, multiplier=2.00, idleThreshold=2
21:22:42.467 [main] INFO  o.s.backend.AdaptivePollInterval - [TestMonitor] AdaptivePollInterval initialized: base=1000ms, max=1000ms, multiplier=2.00, idleThreshold=2
]]></system-out>
  </testcase>
  <testcase name="testTypicalPollingCycle" classname="org.starexec.test.junit.backend.AdaptivePollIntervalTest" time="0.001">
    <system-out><![CDATA[21:22:42.468 [main] INFO  o.s.backend.AdaptivePollInterval - [TestMonitor] AdaptivePollInterval initialized: base=100ms, max=1000ms, multiplier=2.00, idleThreshold=2
]]></system-out>
  </testcase>
  <testcase name="testZeroWorkItems" classname="org.starexec.test.junit.backend.AdaptivePollIntervalTest" time="0.0">
    <system-out><![CDATA[21:22:42.469 [main] INFO  o.s.backend.AdaptivePollInterval - [TestMonitor] AdaptivePollInterval initialized: base=100ms, max=1000ms, multiplier=2.00, idleThreshold=2
]]></system-out>
  </testcase>
  <testcase name="testConcurrentMixedOperations" classname="org.starexec.test.junit.backend.AdaptivePollIntervalTest" time="0.002">
    <system-out><![CDATA[21:22:42.470 [main] INFO  o.s.backend.AdaptivePollInterval - [TestMonitor] AdaptivePollInterval initialized: base=100ms, max=1000ms, multiplier=2.00, idleThreshold=2
]]></system-out>
  </testcase>
  <testcase name="testInitialState" classname="org.starexec.test.junit.backend.AdaptivePollIntervalTest" time="0.001">
    <system-out><![CDATA[21:22:42.473 [main] INFO  o.s.backend.AdaptivePollInterval - [TestMonitor] AdaptivePollInterval initialized: base=100ms, max=1000ms, multiplier=2.00, idleThreshold=2
]]></system-out>
  </testcase>
  <testcase name="testInvalidBackoffMultiplier_LessThanOne" classname="org.starexec.test.junit.backend.AdaptivePollIntervalTest" time="0.001">
    <system-out><![CDATA[21:22:42.474 [main] INFO  o.s.backend.AdaptivePollInterval - [TestMonitor] AdaptivePollInterval initialized: base=100ms, max=1000ms, multiplier=2.00, idleThreshold=2
]]></system-out>
  </testcase>
  <testcase name="testValidIdleThreshold_Zero" classname="org.starexec.test.junit.backend.AdaptivePollIntervalTest" time="0.001">
    <system-out><![CDATA[21:22:42.475 [main] INFO  o.s.backend.AdaptivePollInterval - [TestMonitor] AdaptivePollInterval initialized: base=100ms, max=1000ms, multiplier=2.00, idleThreshold=2
21:22:42.475 [main] INFO  o.s.backend.AdaptivePollInterval - [TestMonitor] AdaptivePollInterval initialized: base=100ms, max=1000ms, multiplier=2.00, idleThreshold=0
]]></system-out>
  </testcase>
  <testcase name="testToStringMatchesGetStats" classname="org.starexec.test.junit.backend.AdaptivePollIntervalTest" time="0.001">
    <system-out><![CDATA[21:22:42.476 [main] INFO  o.s.backend.AdaptivePollInterval - [TestMonitor] AdaptivePollInterval initialized: base=100ms, max=1000ms, multiplier=2.00, idleThreshold=2
]]></system-out>
  </testcase>
  <testcase name="testConcurrentRecordIdle" classname="org.starexec.test.junit.backend.AdaptivePollIntervalTest" time="0.003">
    <system-out><![CDATA[21:22:42.477 [main] INFO  o.s.backend.AdaptivePollInterval - [TestMonitor] AdaptivePollInterval initialized: base=100ms, max=1000ms, multiplier=2.00, idleThreshold=2
]]></system-out>
  </testcase>
  <testcase name="testInvalidMaxInterval_LessThanBase" classname="org.starexec.test.junit.backend.AdaptivePollIntervalTest" time="0.003">
    <system-out><![CDATA[21:22:42.480 [main] INFO  o.s.backend.AdaptivePollInterval - [TestMonitor] AdaptivePollInterval initialized: base=100ms, max=1000ms, multiplier=2.00, idleThreshold=2
]]></system-out>
  </testcase>
  <testcase name="testTotalPollsIncludeBothIdleAndWorkPolls" classname="org.starexec.test.junit.backend.AdaptivePollIntervalTest" time="0.001">
    <system-out><![CDATA[21:22:42.484 [main] INFO  o.s.backend.AdaptivePollInterval - [TestMonitor] AdaptivePollInterval initialized: base=100ms, max=1000ms, multiplier=2.00, idleThreshold=2
]]></system-out>
  </testcase>
  <testcase name="testProgressiveBackoff" classname="org.starexec.test.junit.backend.AdaptivePollIntervalTest" time="0.0">
    <system-out><![CDATA[21:22:42.485 [main] INFO  o.s.backend.AdaptivePollInterval - [TestMonitor] AdaptivePollInterval initialized: base=100ms, max=1000ms, multiplier=2.00, idleThreshold=2
]]></system-out>
  </testcase>
  <testcase name="testBackoffRecoveryMultipleTimes" classname="org.starexec.test.junit.backend.AdaptivePollIntervalTest" time="0.001">
    <system-out><![CDATA[21:22:42.486 [main] INFO  o.s.backend.AdaptivePollInterval - [TestMonitor] AdaptivePollInterval initialized: base=100ms, max=1000ms, multiplier=2.00, idleThreshold=2
]]></system-out>
  </testcase>
  <testcase name="testRecordWorkFoundResetsInterval" classname="org.starexec.test.junit.backend.AdaptivePollIntervalTest" time="0.001">
    <system-out><![CDATA[21:22:42.487 [main] INFO  o.s.backend.AdaptivePollInterval - [TestMonitor] AdaptivePollInterval initialized: base=100ms, max=1000ms, multiplier=2.00, idleThreshold=2
]]></system-out>
  </testcase>
  <testcase name="testInvalidIdleThreshold_Negative" classname="org.starexec.test.junit.backend.AdaptivePollIntervalTest" time="0.0">
    <system-out><![CDATA[21:22:42.488 [main] INFO  o.s.backend.AdaptivePollInterval - [TestMonitor] AdaptivePollInterval initialized: base=100ms, max=1000ms, multiplier=2.00, idleThreshold=2
]]></system-out>
  </testcase>
  <testcase name="testInvalidBaseInterval_Zero" classname="org.starexec.test.junit.backend.AdaptivePollIntervalTest" time="0.001">
    <system-out><![CDATA[21:22:42.489 [main] INFO  o.s.backend.AdaptivePollInterval - [TestMonitor] AdaptivePollInterval initialized: base=100ms, max=1000ms, multiplier=2.00, idleThreshold=2
]]></system-out>
  </testcase>
  <testcase name="testIdleCountIncrementsButNoBackoffBeforeThreshold" classname="org.starexec.test.junit.backend.AdaptivePollIntervalTest" time="0.0">
    <system-out><![CDATA[21:22:42.489 [main] INFO  o.s.backend.AdaptivePollInterval - [TestMonitor] AdaptivePollInterval initialized: base=100ms, max=1000ms, multiplier=2.00, idleThreshold=2
]]></system-out>
  </testcase>
  <testcase name="testDefaultConstructor" classname="org.starexec.test.junit.backend.AdaptivePollIntervalTest" time="0.0">
    <system-out><![CDATA[21:22:42.490 [main] INFO  o.s.backend.AdaptivePollInterval - [TestMonitor] AdaptivePollInterval initialized: base=100ms, max=1000ms, multiplier=2.00, idleThreshold=2
21:22:42.490 [main] INFO  o.s.backend.AdaptivePollInterval - [DefaultTest] AdaptivePollInterval initialized: base=1000ms, max=10000ms, multiplier=1.50, idleThreshold=3
]]></system-out>
  </testcase>
  <testcase name="testBackoffStartsAfterThresholdExceeded" classname="org.starexec.test.junit.backend.AdaptivePollIntervalTest" time="0.001">
    <system-out><![CDATA[21:22:42.490 [main] INFO  o.s.backend.AdaptivePollInterval - [TestMonitor] AdaptivePollInterval initialized: base=100ms, max=1000ms, multiplier=2.00, idleThreshold=2
]]></system-out>
  </testcase>
</testsuite>