<?xml version="1.0" encoding="UTF-8"?>
<testsuite xmlns:xsi="http://www.w3.org/2001/XMLSchema-instance" xsi:noNamespaceSchemaLocation="https://maven.apache.org/surefire/maven-surefire-plugin/xsd/surefire-test-report-3.0.xsd" version="3.0" name="org.starexec.test.junit.backend.PodmanBackendTests" time="1.199" tests="29" errors="0" skipped="0" failures="0">
  <properties>
[...]
</properties>
  <testcase name="testIsError_NegativeCodeIsError" classname="org.starexec.test.junit.backend.PodmanBackendTests" time="0.98"/>
  <testcase name="testGetRunningJobsStatus_NoContainers" classname="org.starexec.test.junit.backend.PodmanBackendTests" time="0.006"/>
  <testcase name="testGetQueues_ReturnsContainerQueue" classname="org.starexec.test.junit.backend.PodmanBackendTests" time="0.006"/>
  <testcase name="testDestroyIf_ClosesClient" classname="org.starexec.test.junit.backend.PodmanBackendTests" time="0.02">
    <system-out><![CDATA[21:22:37.759 [main] INFO  org.starexec.backend.PodmanBackend - PodmanBackend destroyed successfully.
]]></system-out>
  </testcase>
  <testcase name="testKillPair_ContainerNotFound" classname="org.starexec.test.junit.backend.PodmanBackendTests" time="0.014">
    <system-out><![CDATA[21:22:37.784 [main] INFO  org.starexec.backend.PodmanBackend - Killing container for execId: 1001
21:22:37.785 [main] WARN  org.starexec.backend.PodmanBackend - Container not found (already removed?): abc123def456
21:22:37.787 [main] ERROR org.starexec.data.database.ErrorLogs - Caught exception while trying to add message to database.
21:22:37.787 [main] ERROR org.starexec.backend.PodmanBackend - Failed to add error message to logs.
]]></system-out>
  </testcase>
  <testcase name="testCreateQueueWithSlots_ReturnsTrue" classname="org.starexec.test.junit.backend.PodmanBackendTests" time="0.004"/>
  <testcase name="testRemoveCompletedContainer_CallsRemove" classname="org.starexec.test.junit.backend.PodmanBackendTests" time="0.006"/>
  <testcase name="testGetCompletedContainers_EmptyWhenNoContainers" classname="org.starexec.test.junit.backend.PodmanBackendTests" time="0.004"/>
  <testcase name="testGetNodeQueueAssociations_ReturnsCorrectMapping" classname="org.starexec.test.junit.backend.PodmanBackendTests" time="0.004"/>
  <testcase name="testClearNodeErrorStates_ReturnsTrue" classname="org.starexec.test.junit.backend.PodmanBackendTests" time="0.006"/>
  <testcase name="testDeleteQueue_NoException" classname="org.starexec.test.junit.backend.PodmanBackendTests" time="0.004"/>
  <testcase name="testMoveNode_NoException" classname="org.starexec.test.junit.backend.PodmanBackendTests" time="0.004"/>
  <testcase name="testMoveNodes_NoException" classname="org.starexec.test.junit.backend.PodmanBackendTests" time="0.005"/>
  <testcase name="testGetRunningJobsStatus_WithContainers" classname="org.starexec.test.junit.backend.PodmanBackendTests" time="0.057"/>
  <testcase name="testKillAll_MultipleContainers" classname="org.starexec.test.junit.backend.PodmanBackendTests" time="0.005">
    <system-out><![CDATA[21:22:37.890 [main] INFO  org.starexec.backend.PodmanBackend - Killing all StarExec containers...
21:22:37.890 [main] INFO  org.starexec.backend.PodmanBackend - Killing container for execId: 1001
21:22:37.891 [main] INFO  org.starexec.backend.PodmanBackend - Container killed successfully: container1
21:22:37.891 [main] INFO  org.starexec.backend.PodmanBackend - Killing container for execId: 1002
21:22:37.891 [main] INFO  org.starexec.backend.PodmanBackend - Container killed successfully: container2
21:22:37.891 [main] INFO  org.starexec.backend.PodmanBackend - Killing container for execId: 1003
21:22:37.891 [main] INFO  org.starexec.backend.PodmanBackend - Container killed successfully: container3
]]></system-out>
  </testcase>
  <testcase name="testKillPair_ContainerAlreadyStopped" classname="org.starexec.test.junit.backend.PodmanBackendTests" time="0.006">
    <system-out><![CDATA[21:22:37.896 [main] INFO  org.starexec.backend.PodmanBackend - Killing container for execId: 1001
21:22:37.897 [main] INFO  org.starexec.backend.PodmanBackend - Container killed successfully: abc123def456
]]></system-out>
  </testcase>
  <testcase name="testDestroyIf_CleansUpOrphanedContainers" classname="org.starexec.test.junit.backend.PodmanBackendTests" time="0.005">
    <system-out><![CDATA[21:22:37.902 [main] INFO  org.starexec.backend.PodmanBackend - Cleaning up orphaned container: orphaned-container
21:22:37.902 [main] INFO  org.starexec.backend.PodmanBackend - PodmanBackend destroyed successfully.
]]></system-out>
  </testcase>
  <testcase name="testGetActiveExecutionIds_EmptyWhenNoContainers" classname="org.starexec.test.junit.backend.PodmanBackendTests" time="0.004"/>
  <testcase name="testGetActiveExecutionIds_HandlesNotFoundContainer" classname="org.starexec.test.junit.backend.PodmanBackendTests" time="0.005"/>
  <testcase name="testKillAll_EmptyTracking" classname="org.starexec.test.junit.backend.PodmanBackendTests" time="0.003">
    <system-out><![CDATA[21:22:37.916 [main] INFO  org.starexec.backend.PodmanBackend - Killing all StarExec containers...
]]></system-out>
  </testcase>
  <testcase name="testKillPair_SuccessfulKill" classname="org.starexec.test.junit.backend.PodmanBackendTests" time="0.004">
    <system-out><![CDATA[21:22:37.919 [main] INFO  org.starexec.backend.PodmanBackend - Killing container for execId: 1001
21:22:37.919 [main] INFO  org.starexec.backend.PodmanBackend - Container killed successfully: abc123def456
]]></system-out>
  </testcase>
  <testcase name="testIsError_ZeroIsNotError" classname="org.starexec.test.junit.backend.PodmanBackendTests" time="0.002"/>
  <testcase name="testGetWorkerNodes_ReturnsVirtualNode" classname="org.starexec.test.junit.backend.PodmanBackendTests" time="0.003"/>
  <testcase name="testGetActiveExecutionIds_ReturnsRunningContainers" classname="org.starexec.test.junit.backend.PodmanBackendTests" time="0.008"/>
  <testcase name="testGetRunningJobsStatus_HandlesException" classname="org.starexec.test.junit.backend.PodmanBackendTests" time="0.009">
    <system-out><![CDATA[21:22:37.940 [main] ERROR org.starexec.backend.PodmanBackend - Error getting running jobs status
java.lang.RuntimeException: Connection refused
	at org.starexec.backend.PodmanBackend.getRunningJobsStatus(PodmanBackend.java:1289)
	at org.starexec.test.junit.backend.PodmanBackendTests.testGetRunningJobsStatus_HandlesException(PodmanBackendTests.java:347)
	at java.base/jdk.internal.reflect.DirectMethodHandleAccessor.invoke(DirectMethodHandleAccessor.java:103)
	at java.base/java.lang.reflect.Method.invoke(Method.java:580)
	at org.junit.runners.model.FrameworkMethod$1.runReflectiveCall(FrameworkMethod.java:59)
	at org.junit.internal.runners.model.ReflectiveCallable.run(ReflectiveCallable.java:12)
	at org.junit.runners.model.FrameworkMethod.invokeExplosively(FrameworkMethod.java:56)
	at org.junit.internal.runners.statements.InvokeMethod.evaluate(InvokeMethod.java:17)
	at org.junit.internal.runners.statements.RunBefores.evaluate(RunBefores.java:26)
	at org.junit.internal.runners.statements.RunAfters.evaluate(RunAfters.java:27)
	at org.junit.runners.ParentRunner$3.evaluate(ParentRunner.java:306)
	at org.junit.runners.BlockJUnit4ClassRunner$1.evaluate(BlockJUnit4ClassRunner.java:100)
	at org.junit.runners.ParentRunner.runLeaf(ParentRunner.java:366)
	at org.junit.runners.BlockJUnit4ClassRunner.runChild(BlockJUnit4ClassRunner.java:103)
	at org.junit.runners.BlockJUnit4ClassRunner.runChild(BlockJUnit4ClassRunner.java:63)
	at org.junit.runners.ParentRunner$4.run(ParentRunner.java:331)
	at org.junit.runners.ParentRunner$1.schedule(ParentRunner.java:79)
	at org.junit.runners.ParentRunner.runChildren(ParentRunner.java:329)
	at org.junit.runners.ParentRunner.access$100(ParentRunner.java:66)
	at org.junit.runners.ParentRunner$2.evaluate(ParentRunner.java:293)
	at org.junit.runners.ParentRunner$3.evaluate(ParentRunner.java:306)
	at org.junit.runners.ParentRunner.run(ParentRunner.java:413)
	at org.junit.runner.JUnitCore.run(JUnitCore.java:137)
	at org.junit.runner.JUnitCore.run(JUnitCore.java:115)
	at org.junit.vintage.engine.execution.RunnerExecutor.execute(RunnerExecutor.java:42)
	at org.junit.vintage.engine.VintageTestEngine.executeAllChildren(VintageTestEngine.java:80)
	at org.junit.vintage.engine.VintageTestEngine.execute(VintageTestEngine.java:72)
	at org.junit.platform.launcher.core.EngineExecutionOrchestrator.execute(EngineExecutionOrchestrator.java:198)
	at org.junit.platform.launcher.core.EngineExecutionOrchestrator.execute(EngineExecutionOrchestrator.java:169)
	at org.junit.platform.launcher.core.EngineExecutionOrchestrator.execute(EngineExecutionOrchestrator.java:93)
	at org.junit.platform.launcher.core.EngineExecutionOrchestrator.lambda$execute$0(EngineExecutionOrchestrator.java:58)
	at org.junit.platform.launcher.core.EngineExecutionOrchestrator.withInterceptedStreams(EngineExecutionOrchestrator.java:141)
	at org.junit.platform.launcher.core.EngineExecutionOrchestrator.execute(EngineExecutionOrchestrator.java:57)
	at org.junit.platform.launcher.core.DefaultLauncher.execute(DefaultLauncher.java:103)
	at org.junit.platform.launcher.core.DefaultLauncher.execute(DefaultLauncher.java:85)
	at org.junit.platform.launcher.core.DelegatingLauncher.execute(DelegatingLauncher.java:47)
	at org.apache.maven.surefire.junitplatform.LazyLauncher.execute(LazyLauncher.java:56)
	at org.apache.maven.surefire.junitplatform.JUnitPlatformProvider.execute(JUnitPlatformProvider.java:184)
	at org.apache.maven.surefire.junitplatform.JUnitPlatformProvider.invokeAllTests(JUnitPlatformProvider.java:148)
	at org.apache.maven.surefire.junitplatform.JUnitPlatformProvider.invoke(JUnitPlatformProvider.java:122)
	at org.apache.maven.surefire.booter.ForkedBooter.runSuitesInProcess(ForkedBooter.java:385)
	at org.apache.maven.surefire.booter.ForkedBooter.execute(ForkedBooter.java:162)
	at org.apache.maven.surefire.booter.ForkedBooter.run(ForkedBooter.java:507)
	at org.apache.maven.surefire.booter.ForkedBooter.main(ForkedBooter.java:495)
21:22:37.941 [main] ERROR org.starexec.data.database.ErrorLogs - Caught exception while trying to add message to database.
21:22:37.941 [main] ERROR org.starexec.backend.PodmanBackend - Failed to add error message to logs.
]]></system-out>
  </testcase>
  <testcase name="testCreateQueue_ReturnsTrue" classname="org.starexec.test.junit.backend.PodmanBackendTests" time="0.004"/>
  <testcase name="testRemoveCompletedContainer_HandlesException" classname="org.starexec.test.junit.backend.PodmanBackendTests" time="0.004">
    <system-out><![CDATA[21:22:37.950 [main] WARN  org.starexec.backend.PodmanBackend - Failed to remove container abc123def456: Remove failed
21:22:37.950 [main] ERROR org.starexec.data.database.ErrorLogs - Caught exception while trying to add message to database.
21:22:37.950 [main] ERROR org.starexec.backend.PodmanBackend - Failed to add error message to logs.
]]></system-out>
  </testcase>
  <testcase name="testKillPair_NonExistentExecId" classname="org.starexec.test.junit.backend.PodmanBackendTests" time="0.004">
    <system-out><![CDATA[21:22:37.955 [main] WARN  org.starexec.backend.PodmanBackend - Container not found for execId: 9999
21:22:37.955 [main] ERROR org.starexec.data.database.ErrorLogs - Caught exception while trying to add message to database.
21:22:37.955 [main] ERROR org.starexec.backend.PodmanBackend - Failed to add error message to logs.
]]></system-out>
  </testcase>
  <testcase name="testIsError_PositiveCodeIsNotError" classname="org.starexec.test.junit.backend.PodmanBackendTests" time="0.003"/>
</testsuite>